<?xml version="1.0" encoding="UTF-8"?>
<!-- Generated by org.testng.reporters.JUnitReportReporter -->
<testsuite hostname="DESKTOP-29UH38F" failures="0" tests="5" name="Employee_Application_Test.Employee_Test" time="278.959" errors="0" timestamp="2024-01-20T11:23:34 GMT-07:00" skipped="0">
  <testcase classname="Employee_Application_Test.Employee_Test" name="ClaimsFormDownload" time="28.430"/>
  <testcase classname="Employee_Application_Test.Employee_Test" name="ReportClaims" time="44.036"/>
  <testcase classname="Employee_Application_Test.Employee_Test" name="Coverages" time="107.481"/>
  <testcase classname="Employee_Application_Test.Employee_Test" name="Home" time="35.691"/>
  <testcase classname="Employee_Application_Test.Employee_Test" name="MyProfile" time="63.321"/>
</testsuite> <!-- Employee_Application_Test.Employee_Test -->
